Script handler ready. Waiting for a while to ensure all other mods are done messing with NEI.
Starting NEI Filter scripting. This might take a moment to load all the modules...
Engine: JAVASCRIPT
Setting up Java Library...
Setting up FML Library...
Setting up NEI Library...
Setting up CreativeTab library...
Found creative tab: IC2
Found creative tab: avaritia
Found creative tab: tools
Found creative tab: BiblioCraft
Found creative tab: BiblioCraftLights
Found creative tab: BiblioWoodsNatura
Found creative tab: BigReactors
Found creative tab: buildcraft.main
Found creative tab: buildcraft.boards
Found creative tab: buildcraft.pipes
Found creative tab: buildcraft.facades
Found creative tab: buildcraft.gates
Found creative tab: CarpentersBlocks
Found creative tab: ComputerCraft
Found creative tab: blocksAndItems
Found creative tab: food
Found creative tab: toolsAndWeapons
Found creative tab: EnderIO
Found creative tab: decorations
Found creative tab: EnderTechAll
Found creative tab: EnderZoo
Found creative tab: extratic.parts
Found creative tab: extratic.blocks
Found creative tab: extratic.items
Found creative tab: extratic.buckets
Found creative tab: extraUtil
Found creative tab: combat
Found creative tab: extraUtil_FMP
Found creative tab: Nuclear Control 2
Found creative tab: ImmersiveEngineering
Found creative tab: misc
Found creative tab: jabba
Found creative tab: Logistics_Pipes
Found creative tab: redstone
Found creative tab: transportation
Found creative tab: MineFactory Reloaded
Found creative tab: buildingBlocks
Found creative tab: materials
Found creative tab: natura.plants
Found creative tab: natura.nether
Found creative tab: natura.trees
Found creative tab: Nether Ores
Found creative tab: tabOpenBlocks
Found creative tab: tabOpenPeripheralAddons
Found creative tab: TConstructBlocks
Found creative tab: core
Found creative tab: expansion
Found creative tab: exploration
Found creative tab: ill
Found creative tab: int
Found creative tab: trans
Found creative tab: transport
Found creative tab: redstonearsenal.creativeTab
Found creative tab: solarexpansion
Found creative tab: storageDrawers
Found creative tab: storageDrawersBop
Found creative tab: storageDrawersForestry
Found creative tab: storageDrawersMisc
Found creative tab: storageDrawersNatura
Found creative tab: TConstructWeaponry
Found creative tab: TConstructParts
Found creative tab: TConstructTools
Found creative tab: TConstructMaterials
Found creative tab: TConstructEquipables
Found creative tab: TMechworks
Found creative tab: thaumcraft
Found creative tab: thaumicExploration
Found creative tab: ThaumicTinkerer
Found creative tab: brewing
Found creative tab: thermaldynamics.creativeTab
Found creative tab: thermaldynamics.creativeTabCovers
Found creative tab: thermalexpansion.creativeTabBlocks
Found creative tab: thermalexpansion.creativeTabItems
Found creative tab: thermalexpansion.creativeTabTools
Found creative tab: thermalexpansion.creativeTabFlorbs
Found creative tab: thermalfoundation.creativeTab
Found creative tab: thermalfoundation.creativeTabArmor
Found creative tab: thermalfoundation.creativeTabTools
Found creative tab: twilightForest
Found creative tab: aobd
Found creative tab: appliedenergistics2
Found creative tab: appliedenergistics2.facades
Found creative tab: tabWoodChiselBlocks
Found creative tab: tabStairChiselBlocks
Found creative tab: tabModdedChiselBlocks
Found creative tab: tabStoneChiselBlocks
Found creative tab: tabOtherChiselBlocks
Found creative tab: tabChisel
Found creative tab: tabMetalChiselBlocks
Found creative tab: Items
Found creative tab: Extra_Cells
Found creative tab: funkylocomotion
Found creative tab: guideapi.creativeTab
Found creative tab: headcrumbs
Found creative tab: immersiveintegration
Found creative tab: props.Main
Found creative tab: search
Found creative tab: RfTools
Found creative tab: RfToolsDimlets
Found creative tab: runicdungeons
Found creative tab: tabSimplyJetpacks
Found creative tab: tabSpringboards
Found creative tab: ThaumicEnergistics
Setting up ForgeMicroblock Library...
Setting up ExtraUtilities Library...
Setting up BuildCraft Library...
Setting up Applied Energistics 2 Library...
Loading table of contents for module: custom_nei_filters, 1.0, Author: ftb
Bootstrap setting found. Loading: Bootstrap.js
Loading: ThermalExpansion.js
override called. Params: ThermalExpansion, florb, 0,1
Regex match found! ThermalExpansion:florb matches ThermalExpansion:florb.
Found ItemStack ThermalExpansion:florb. 16xitem.thermalexpansion.florb@0
Loading: ForgeMicroblock.js
getRandomMaterial called. Returned: ImmersiveEngineering:metalDecoration_7
obliterate_microblocks called (version in info.inpureprojects.core.NEI.gtfoMicroblocks.ScriptObjects.ForgeMicroblockObject). Params: 1,2,4,257,258,260,513,514,516,769,770,772, ImmersiveEngineering:metalDecoration_7
Loading: ExtraUtilities.js
override called. Params: ExtraUtilities, drum, 0,1
Regex match found! ExtraUtilities:drum matches ExtraUtilities:drum.
Found ItemStack ExtraUtilities:drum. 64xtile.extrautils:drum@0
getRandomMaterial called. Returned: ExtraUtilities:enderThermicPump
obliterate_microblocks called (version in info.inpureprojects.core.NEI.gtfoMicroblocks.ScriptObjects.ExtraUtilitiesObject). Params: 1,2,3, ExtraUtilities:enderThermicPump
Loading: BuildCraft.js
getFacadesSize called. Returned: 2692
obliterate_microblocks called (version in info.inpureprojects.core.NEI.gtfoMicroblocks.ScriptObjects.BCObject). Params: 2051
Loading: Bibliocraft.js
override called. Params: BiblioCraft, *, 0
Regex match found! BiblioCraft:* matches BiblioCraft:Armor Stand.
Regex match found! BiblioCraft:* matches BiblioCraft:BiblioBell.
Regex match found! BiblioCraft:* matches BiblioCraft:BiblioBorderlessPainting.
Regex match found! BiblioCraft:* matches BiblioCraft:BiblioCase.
Regex match found! BiblioCraft:* matches BiblioCraft:BiblioClipboard.
Regex match found! BiblioCraft:* matches BiblioCraft:BiblioClock.
Regex match found! BiblioCraft:* matches BiblioCraft:BiblioDesk.
Regex match found! BiblioCraft:* matches BiblioCraft:BiblioFancyPainting.
Regex match found! BiblioCraft:* matches BiblioCraft:BiblioFancySign.
Regex match found! BiblioCraft:* matches BiblioCraft:BiblioFlatPainting.
Regex match found! BiblioCraft:* matches BiblioCraft:BiblioIronLamp.
Regex match found! BiblioCraft:* matches BiblioCraft:BiblioIronLantern.
Regex match found! BiblioCraft:* matches BiblioCraft:BiblioLabel.
Regex match found! BiblioCraft:* matches BiblioCraft:BiblioLamp.
Regex match found! BiblioCraft:* matches BiblioCraft:BiblioLantern.
Regex match found! BiblioCraft:* matches BiblioCraft:BiblioMapFrames.
Regex match found! BiblioCraft:* matches BiblioCraft:BiblioMiddlePainting.
Regex match found! BiblioCraft:* matches BiblioCraft:BiblioPaintPress.
Regex match found! BiblioCraft:* matches BiblioCraft:BiblioPaneler.
Regex match found! BiblioCraft:* matches BiblioCraft:BiblioPotionShelf.
Regex match found! BiblioCraft:* matches BiblioCraft:BiblioRack.
Regex match found! BiblioCraft:* matches BiblioCraft:BiblioSeats.
Regex match found! BiblioCraft:* matches BiblioCraft:BiblioShelf.
Regex match found! BiblioCraft:* matches BiblioCraft:BiblioSimplePainting.
Regex match found! BiblioCraft:* matches BiblioCraft:BiblioStuffs.
Regex match found! BiblioCraft:* matches BiblioCraft:BiblioSwordPedestal.
Regex match found! BiblioCraft:* matches BiblioCraft:BiblioTable.
Regex match found! BiblioCraft:* matches BiblioCraft:BiblioTypewriter.
Regex match found! BiblioCraft:* matches BiblioCraft:BiblioWorkbench.
Regex match found! BiblioCraft:* matches BiblioCraft:Bibliotheca.
Regex match found! BiblioCraft:* matches BiblioCraft:BookcaseFilled.
Regex match found! BiblioCraft:* matches BiblioCraft:Printing Press.
Regex match found! BiblioCraft:* matches BiblioCraft:Typesetting Machine.
Regex match found! BiblioCraft:* matches BiblioCraft:item.AtlasBook.
Regex match found! BiblioCraft:* matches BiblioCraft:item.AtlasPlate.
Regex match found! BiblioCraft:* matches BiblioCraft:item.BiblioChase.
Regex match found! BiblioCraft:* matches BiblioCraft:item.BiblioClipboard.
Regex match found! BiblioCraft:* matches BiblioCraft:item.BiblioCreativeLock.
Regex match found! BiblioCraft:* matches BiblioCraft:item.BiblioDrill.
Regex match found! BiblioCraft:* matches BiblioCraft:item.BiblioGlasses.
Regex match found! BiblioCraft:* matches BiblioCraft:item.BiblioMapTool.
Regex match found! BiblioCraft:* matches BiblioCraft:item.BiblioRedBook.
Regex match found! BiblioCraft:* matches BiblioCraft:item.BiblioWayPointCompass.
Regex match found! BiblioCraft:* matches BiblioCraft:item.BigBook.
Regex match found! BiblioCraft:* matches BiblioCraft:item.DeathCompass.
Regex match found! BiblioCraft:* matches BiblioCraft:item.EnchantedPlate.
Regex match found! BiblioCraft:* matches BiblioCraft:item.FramingBoard.
Regex match found! BiblioCraft:* matches BiblioCraft:item.FramingSaw.
Regex match found! BiblioCraft:* matches BiblioCraft:item.FramingSheet.
Regex match found! BiblioCraft:* matches BiblioCraft:item.HandDrill.
Regex match found! BiblioCraft:* matches BiblioCraft:item.PaintingCanvas.
Regex match found! BiblioCraft:* matches BiblioCraft:item.PlumbLine.
Regex match found! BiblioCraft:* matches BiblioCraft:item.PrintPlate.
Regex match found! BiblioCraft:* matches BiblioCraft:item.RecipeBook.
Regex match found! BiblioCraft:* matches BiblioCraft:item.SlottedBook.
Regex match found! BiblioCraft:* matches BiblioCraft:item.StockroomCatalog.
Regex match found! BiblioCraft:* matches BiblioCraft:item.TesterItem.
Regex match found! BiblioCraft:* matches BiblioCraft:item.seatBack.
Regex match found! BiblioCraft:* matches BiblioCraft:item.seatBack2.
Regex match found! BiblioCraft:* matches BiblioCraft:item.seatBack3.
Regex match found! BiblioCraft:* matches BiblioCraft:item.seatBack4.
Regex match found! BiblioCraft:* matches BiblioCraft:item.seatBack5.
Regex match found! BiblioCraft:* matches BiblioCraft:item.tape.
Regex match found! BiblioCraft:* matches BiblioCraft:item.tapeMeasure.
Regex match found! BiblioCraft:* matches BiblioCraft:tile.BiblioFramedChest.
Found ItemStack BiblioCraft:Armor Stand. 64xtile.BiblioArmorStand@0
Found ItemStack BiblioCraft:BiblioBell. 64xtile.BiblioBell@0
Found ItemStack BiblioCraft:BiblioBorderlessPainting. 64xtile.BiblioBorderlessPainting@0
Found ItemStack BiblioCraft:BiblioCase. 64xtile.BiblioCase@0
Found ItemStack BiblioCraft:BiblioClipboard. 64xtile.BiblioClipboard@0
Found ItemStack BiblioCraft:BiblioClock. 64xtile.BiblioClock@0
Found ItemStack BiblioCraft:BiblioDesk. 64xtile.BiblioDesk@0
Found ItemStack BiblioCraft:BiblioFancyPainting. 64xtile.BiblioFancyPainting@0
Found ItemStack BiblioCraft:BiblioFancySign. 64xtile.BiblioFancySign@0
Found ItemStack BiblioCraft:BiblioFlatPainting. 64xtile.BiblioFlatPainting@0
Found ItemStack BiblioCraft:BiblioIronLamp. 64xtile.BiblioIronLamp@0
Found ItemStack BiblioCraft:BiblioIronLantern. 64xtile.BiblioIronLantern@0
Found ItemStack BiblioCraft:BiblioLabel. 64xtile.BiblioLabel@0
Found ItemStack BiblioCraft:BiblioLamp. 64xtile.BiblioLamp@0
Found ItemStack BiblioCraft:BiblioLantern. 64xtile.BiblioLantern@0
Found ItemStack BiblioCraft:BiblioMapFrames. 64xtile.BiblioMapFrames@0
Found ItemStack BiblioCraft:BiblioMiddlePainting. 64xtile.BiblioMiddlePainting@0
Found ItemStack BiblioCraft:BiblioPaintPress. 64xtile.BiblioPaintPress@0
Found ItemStack BiblioCraft:BiblioPaneler. 64xtile.BiblioPaneler@0
Found ItemStack BiblioCraft:BiblioPotionShelf. 64xtile.BiblioPotionShelf@0
Found ItemStack BiblioCraft:BiblioRack. 64xtile.BiblioRack@0
Found ItemStack BiblioCraft:BiblioSeats. 64xtile.BiblioSeats@0
Found ItemStack BiblioCraft:BiblioShelf. 64xtile.BiblioShelf@0
Found ItemStack BiblioCraft:BiblioSimplePainting. 64xtile.BiblioSimplePainting@0
Found ItemStack BiblioCraft:BiblioStuffs. 64xtile.BiblioStuffs@0
Found ItemStack BiblioCraft:BiblioSwordPedestal. 64xtile.BiblioSwordPedestal@0
Found ItemStack BiblioCraft:BiblioTable. 64xtile.BiblioTable@0
Found ItemStack BiblioCraft:BiblioTypewriter. 64xtile.BiblioTypewriter@0
Found ItemStack BiblioCraft:BiblioWorkbench. 64xtile.BiblioWorkbench@0
Found ItemStack BiblioCraft:Bibliotheca. 64xtile.BiblioBookcase@0
Found ItemStack BiblioCraft:BookcaseFilled. 64xtile.BookcaseFilled@0
Found ItemStack BiblioCraft:Printing Press. 64xtile.BiblioPress@0
Found ItemStack BiblioCraft:Typesetting Machine. 64xtile.BiblioType@0
Found ItemStack BiblioCraft:item.AtlasBook. 1xitem.AtlasBook@0
Found ItemStack BiblioCraft:item.AtlasPlate. 1xitem.AtlasPlate@0
Found ItemStack BiblioCraft:item.BiblioChase. 64xitem.BiblioChase@0
Found ItemStack BiblioCraft:item.BiblioClipboard. 1xitem.BiblioClipboard@0
Found ItemStack BiblioCraft:item.BiblioCreativeLock. 1xitem.BiblioCreativeLock@0
Found ItemStack BiblioCraft:item.BiblioDrill. 1xitem.BiblioDrill@0
Found ItemStack BiblioCraft:item.BiblioGlasses. 1xitem.BiblioGlasses@0
Found ItemStack BiblioCraft:item.BiblioMapTool. 1xitem.BiblioMapTool@0
Found ItemStack BiblioCraft:item.BiblioRedBook. 64xitem.BiblioRedBook@0
Found ItemStack BiblioCraft:item.BiblioWayPointCompass. 1xitem.BiblioWayPointCompass@0
Found ItemStack BiblioCraft:item.BigBook. 1xitem.BigBook@0
Found ItemStack BiblioCraft:item.DeathCompass. 64xitem.DeathCompass@0
Found ItemStack BiblioCraft:item.EnchantedPlate. 1xitem.EnchantedPlate@0
Found ItemStack BiblioCraft:item.FramingBoard. 64xitem.FramingBoard@0
Found ItemStack BiblioCraft:item.FramingSaw. 1xitem.FramingSaw@0
Found ItemStack BiblioCraft:item.FramingSheet. 64xitem.FramingSheet@0
Found ItemStack BiblioCraft:item.HandDrill. 1xitem.HandDrill@0
Found ItemStack BiblioCraft:item.PaintingCanvas. 64xitem.PaintingCanvas@0
Found ItemStack BiblioCraft:item.PlumbLine. 1xitem.PlumbLine@0
Found ItemStack BiblioCraft:item.PrintPlate. 1xitem.PrintPlate@0
Found ItemStack BiblioCraft:item.RecipeBook. 1xitem.RecipeBook@0
Found ItemStack BiblioCraft:item.SlottedBook. 1xitem.SlottedBook@0
Found ItemStack BiblioCraft:item.StockroomCatalog. 1xitem.StockroomCatalog@0
Found ItemStack BiblioCraft:item.TesterItem. 1xitem.TesterItem@0
Found ItemStack BiblioCraft:item.seatBack. 64xitem.seatBack@0
Found ItemStack BiblioCraft:item.seatBack2. 64xitem.seatBack@0
Found ItemStack BiblioCraft:item.seatBack3. 64xitem.seatBack@0
Found ItemStack BiblioCraft:item.seatBack4. 64xitem.seatBack@0
Found ItemStack BiblioCraft:item.seatBack5. 64xitem.seatBack@0
Found ItemStack BiblioCraft:item.tape. 64xitem.tape@0
Found ItemStack BiblioCraft:item.tapeMeasure. 1xitem.tapeMeasure@0
Found ItemStack BiblioCraft:tile.BiblioFramedChest. 64xtile.BiblioFramedChest@0
hide called. Params: BiblioWoodsNatura, *
Regex match found! BiblioWoodsNatura:* matches BiblioWoodsNatura:BiblioWoodBookcase.
Regex match found! BiblioWoodsNatura:* matches BiblioWoodsNatura:BiblioWoodClock.
Regex match found! BiblioWoodsNatura:* matches BiblioWoodsNatura:BiblioWoodFancySign.
Regex match found! BiblioWoodsNatura:* matches BiblioWoodsNatura:BiblioWoodFancyWorkbench.
Regex match found! BiblioWoodsNatura:* matches BiblioWoodsNatura:BiblioWoodMapFrame.
Regex match found! BiblioWoodsNatura:* matches BiblioWoodsNatura:BiblioWoodPaintingT0.
Regex match found! BiblioWoodsNatura:* matches BiblioWoodsNatura:BiblioWoodPaintingT1.
Regex match found! BiblioWoodsNatura:* matches BiblioWoodsNatura:BiblioWoodPaintingT2.
Regex match found! BiblioWoodsNatura:* matches BiblioWoodsNatura:BiblioWoodPaintingT3.
Regex match found! BiblioWoodsNatura:* matches BiblioWoodsNatura:BiblioWoodPaintingT4.
Regex match found! BiblioWoodsNatura:* matches BiblioWoodsNatura:BiblioWoodSeat.
Regex match found! BiblioWoodsNatura:* matches BiblioWoodsNatura:BiblioWoodcase0.
Regex match found! BiblioWoodsNatura:* matches BiblioWoodsNatura:BiblioWooddesk.
Regex match found! BiblioWoodsNatura:* matches BiblioWoodsNatura:BiblioWoodlabel.
Regex match found! BiblioWoodsNatura:* matches BiblioWoodsNatura:BiblioWoodpotshelf.
Regex match found! BiblioWoodsNatura:* matches BiblioWoodsNatura:BiblioWoodrack.
Regex match found! BiblioWoodsNatura:* matches BiblioWoodsNatura:BiblioWoodshelf.
Regex match found! BiblioWoodsNatura:* matches BiblioWoodsNatura:BiblioWoodtable.
Regex match found! BiblioWoodsNatura:* matches BiblioWoodsNatura:seatBack1.
Regex match found! BiblioWoodsNatura:* matches BiblioWoodsNatura:seatBack2.
Regex match found! BiblioWoodsNatura:* matches BiblioWoodsNatura:seatBack3.
Regex match found! BiblioWoodsNatura:* matches BiblioWoodsNatura:seatBack4.
Regex match found! BiblioWoodsNatura:* matches BiblioWoodsNatura:seatBack5.
Found ItemStack BiblioWoodsNatura:BiblioWoodBookcase. 64xtile.BiblioWoodBookcase@0
Found ItemStack BiblioWoodsNatura:BiblioWoodClock. 64xtile.BiblioWoodClock@0
Found ItemStack BiblioWoodsNatura:BiblioWoodFancySign. 64xtile.BiblioWoodFancySign@0
Found ItemStack BiblioWoodsNatura:BiblioWoodFancyWorkbench. 64xtile.BiblioWoodFancyWorkbench@0
Found ItemStack BiblioWoodsNatura:BiblioWoodMapFrame. 64xtile.BiblioWoodMapFrame@0
Found ItemStack BiblioWoodsNatura:BiblioWoodPaintingT0. 64xtile.BiblioWoodPaintingT0@0
Found ItemStack BiblioWoodsNatura:BiblioWoodPaintingT1. 64xtile.BiblioWoodPaintingT1@0
Found ItemStack BiblioWoodsNatura:BiblioWoodPaintingT2. 64xtile.BiblioWoodPaintingT2@0
Found ItemStack BiblioWoodsNatura:BiblioWoodPaintingT3. 64xtile.BiblioWoodPaintingT3@0
Found ItemStack BiblioWoodsNatura:BiblioWoodPaintingT4. 64xtile.BiblioWoodPaintingT4@0
Found ItemStack BiblioWoodsNatura:BiblioWoodSeat. 64xtile.BiblioWoodSeat@0
Found ItemStack BiblioWoodsNatura:BiblioWoodcase0. 64xtile.BiblioWoodcase@0
Found ItemStack BiblioWoodsNatura:BiblioWooddesk. 64xtile.BiblioWooddesk@0
Found ItemStack BiblioWoodsNatura:BiblioWoodlabel. 64xtile.BiblioWoodlabel@0
Found ItemStack BiblioWoodsNatura:BiblioWoodpotshelf. 64xtile.BiblioWoodpotshelf@0
Found ItemStack BiblioWoodsNatura:BiblioWoodrack. 64xtile.BiblioWoodrack@0
Found ItemStack BiblioWoodsNatura:BiblioWoodshelf. 64xtile.BiblioWoodshelf@0
Found ItemStack BiblioWoodsNatura:BiblioWoodtable. 64xtile.BiblioWoodtable@0
Found ItemStack BiblioWoodsNatura:seatBack1. 64xitem.seatBack@0
Found ItemStack BiblioWoodsNatura:seatBack2. 64xitem.seatBack@0
Found ItemStack BiblioWoodsNatura:seatBack3. 64xitem.seatBack@0
Found ItemStack BiblioWoodsNatura:seatBack4. 64xitem.seatBack@0
Found ItemStack BiblioWoodsNatura:seatBack5. 64xitem.seatBack@0
Loading: AppliedEnergistics2.js
getFacadeItem called. Returned: appliedenergistics2:item.ItemFacade
getSubTypes called.
getNumberOfTypes called. Returned: 1892
override called. Params: appliedenergistics2, item.ItemFacade, 1740
Regex match found! appliedenergistics2:item.ItemFacade matches appliedenergistics2:item.ItemFacade.
Found ItemStack appliedenergistics2:item.ItemFacade. 64xitem.appliedenergistics2.ItemFacade@0
override called. Params: extracells, pattern.fluid, 0
Regex match found! extracells:pattern.fluid matches extracells:pattern.fluid.
Found ItemStack extracells:pattern.fluid. 1xitem.extracells.pattern.fluid@0
Loading: Tcon.js
override called. Params: TConstruct, creativeModifier, 0
Regex match found! TConstruct:creativeModifier matches TConstruct:creativeModifier.
Found ItemStack TConstruct:creativeModifier. 64xitem.tconstruct.modifier.creative@0
hide called. Params: TConstruct, Boneana
Regex match found! TConstruct:Boneana matches TConstruct:Boneana.
Found ItemStack TConstruct:Boneana. 1xitem.InfiTool.Broadsword@0
hide called. Params: TConstruct, potionLauncher
Regex match found! TConstruct:potionLauncher matches TConstruct:potionLauncher.
Found ItemStack TConstruct:potionLauncher. 1xitem.tconstruct.PotionLauncher@0
hide called. Params: TConstruct, HeldItemBlock
Regex match found! TConstruct:HeldItemBlock matches TConstruct:HeldItemBlock.
Found ItemStack TConstruct:HeldItemBlock. 64xtile.Frypan@0
hide called. Params: TConstruct, BattleSignBlock
Regex match found! TConstruct:BattleSignBlock matches TConstruct:BattleSignBlock.
Found ItemStack TConstruct:BattleSignBlock. 64xtile.Battlesign@0
Loading: AgriCraft.js
Loading: IC2.js
override called. Params: IC2, itemFluidCell, 0
Regex match found! IC2:itemFluidCell matches IC2:itemFluidCell.
Found ItemStack IC2:itemFluidCell. 64xic2.itemFluidCell@0
override called. Params: IC2, itemCellEmpty, 0
Regex match found! IC2:itemCellEmpty matches IC2:itemCellEmpty.
Found ItemStack IC2:itemCellEmpty. 64xic2.itemCellEmpty@0
Loading: HarvestCraft.js
hide called. Params: harvestcraft, ovenon
hide called. Params: harvestcraft, churnon
hide called. Params: harvestcraft, quernon
hide called. Params: harvestcraft, pamApple
hide called. Params: harvestcraft, pamAlmond
hide called. Params: harvestcraft, pamApricot
hide called. Params: harvestcraft, pamAvocado
hide called. Params: harvestcraft, pamBanana
hide called. Params: harvestcraft, pamCashew
hide called. Params: harvestcraft, pamCherry
hide called. Params: harvestcraft, pamChestnut
hide called. Params: harvestcraft, pamCinnamon
hide called. Params: harvestcraft, pamCoconut
hide called. Params: harvestcraft, pamDate
hide called. Params: harvestcraft, pamDragonfruit
hide called. Params: harvestcraft, pamDurian
hide called. Params: harvestcraft, pamFig
hide called. Params: harvestcraft, pamGrapefruit
hide called. Params: harvestcraft, pamLemon
hide called. Params: harvestcraft, pamLime
hide called. Params: harvestcraft, pamMaple
hide called. Params: harvestcraft, pamMango
hide called. Params: harvestcraft, pamNutmeg
hide called. Params: harvestcraft, pamOlive
hide called. Params: harvestcraft, pamOrange
hide called. Params: harvestcraft, pamPapaya
hide called. Params: harvestcraft, pamPaperbark
hide called. Params: harvestcraft, pamPeach
hide called. Params: harvestcraft, pamPear
hide called. Params: harvestcraft, pamPecan
hide called. Params: harvestcraft, pamPeppercorn
hide called. Params: harvestcraft, pamPersimmon
hide called. Params: harvestcraft, pamPistachio
hide called. Params: harvestcraft, pamPlum
hide called. Params: harvestcraft, pamPomegranate
hide called. Params: harvestcraft, pamStarfruit
hide called. Params: harvestcraft, pamVanillabean
hide called. Params: harvestcraft, pamWalnut
hide called. Params: harvestcraft, pamblackberryCrop
hide called. Params: harvestcraft, pamblueberryCrop
hide called. Params: harvestcraft, pamcandleberryCrop
hide called. Params: harvestcraft, pamraspberryCrop
hide called. Params: harvestcraft, pamstrawberryCrop
hide called. Params: harvestcraft, pamcactusfruitCrop
hide called. Params: harvestcraft, pamasparagusCrop
hide called. Params: harvestcraft, pambarleyCrop
hide called. Params: harvestcraft, pamoatsCrop
hide called. Params: harvestcraft, pamryeCrop
hide called. Params: harvestcraft, pamcornCrop
hide called. Params: harvestcraft, pambambooshootCrop
hide called. Params: harvestcraft, pamcantaloupeCrop
hide called. Params: harvestcraft, pamcucumberCrop
hide called. Params: harvestcraft, pamwintersquashCrop
hide called. Params: harvestcraft, pamzucchiniCrop
hide called. Params: harvestcraft, pambeetCrop
hide called. Params: harvestcraft, pamonionCrop
hide called. Params: harvestcraft, pamparsnipCrop
hide called. Params: harvestcraft, pampeanutCrop
hide called. Params: harvestcraft, pamradishCrop
hide called. Params: harvestcraft, pamrutabagaCrop
hide called. Params: harvestcraft, pamsweetpotatoCrop
hide called. Params: harvestcraft, pamturnipCrop
hide called. Params: harvestcraft, pamrhubarbCrop
hide called. Params: harvestcraft, pamceleryCrop
hide called. Params: harvestcraft, pamgarlicCrop
hide called. Params: harvestcraft, pamgingerCrop
hide called. Params: harvestcraft, pamspiceleafCrop
hide called. Params: harvestcraft, pamtealeafCrop
hide called. Params: harvestcraft, pamcoffeebeanCrop
hide called. Params: harvestcraft, pammustardseedsCrop
hide called. Params: harvestcraft, pambroccoliCrop
hide called. Params: harvestcraft, pamcauliflowerCrop
hide called. Params: harvestcraft, pamleekCrop
hide called. Params: harvestcraft, pamlettuceCrop
hide called. Params: harvestcraft, pamscallionCrop
hide called. Params: harvestcraft, pamartichokeCrop
hide called. Params: harvestcraft, pambrusselsproutCrop
hide called. Params: harvestcraft, pamcabbageCrop
hide called. Params: harvestcraft, pamspinachCrop
hide called. Params: harvestcraft, pamwhitemushroomCrop
hide called. Params: harvestcraft, pambeanCrop
hide called. Params: harvestcraft, pamsoybeanCrop
hide called. Params: harvestcraft, pambellpepperCrop
hide called. Params: harvestcraft, pamchilipepperCrop
hide called. Params: harvestcraft, pameggplantCrop
hide called. Params: harvestcraft, pamokraCrop
hide called. Params: harvestcraft, pampeasCrop
hide called. Params: harvestcraft, pamtomatoCrop
hide called. Params: harvestcraft, pamcottonCrop
hide called. Params: harvestcraft, pampineappleCrop
hide called. Params: harvestcraft, pamgrapeCrop
hide called. Params: harvestcraft, pamkiwiCrop
hide called. Params: harvestcraft, pamcranberryCrop
hide called. Params: harvestcraft, pamriceCrop
hide called. Params: harvestcraft, pamseaweedCrop
Loading: vanilla.js
hide called. Params: minecraft, portal
Regex match found! minecraft:portal matches minecraft:portal.
Found ItemStack minecraft:portal. 64xtile.portal@0
hide called. Params: minecraft, end_portal
Regex match found! minecraft:end_portal matches minecraft:end_portal.
Found ItemStack minecraft:end_portal. 64xtile.null@0
hide called. Params: minecraft, fire
Regex match found! minecraft:fire matches minecraft:fire.
Found ItemStack minecraft:fire. 64xtile.fire@0
hide called. Params: minecraft, water
Regex match found! minecraft:water matches minecraft:water.
Found ItemStack minecraft:water. 64xtile.water@0
hide called. Params: minecraft, lava
Regex match found! minecraft:lava matches minecraft:lava.
Found ItemStack minecraft:lava. 64xtile.lava@0
hide called. Params: minecraft, lit_furnace
Regex match found! minecraft:lit_furnace matches minecraft:lit_furnace.
Found ItemStack minecraft:lit_furnace. 64xtile.furnace@0
Loading: Misc.js
override called. Params: BuildCraft|Core, paintbrush, 0
Regex match found! BuildCraft|Core:paintbrush matches BuildCraft|Core:paintbrush.
Found ItemStack BuildCraft|Core:paintbrush. 1xitem.paintbrush@0
hide called. Params: BuildCraft|Transport, pipeBlock
Regex match found! BuildCraft|Transport:pipeBlock matches BuildCraft|Transport:pipeBlock.
Found ItemStack BuildCraft|Transport:pipeBlock. 64xtile.pipeBlock@0
hide called. Params: CarpentersBlocks, blockCarpentersDoor
Regex match found! CarpentersBlocks:blockCarpentersDoor matches CarpentersBlocks:blockCarpentersDoor.
Found ItemStack CarpentersBlocks:blockCarpentersDoor. 64xtile.blockCarpentersDoor@0
hide called. Params: CarpentersBlocks, blockCarpentersBed
Regex match found! CarpentersBlocks:blockCarpentersBed matches CarpentersBlocks:blockCarpentersBed.
Found ItemStack CarpentersBlocks:blockCarpentersBed. 64xtile.blockCarpentersBed@0
